<?xml version="1.0" encoding="UTF-8"?>
<testng-results ignored="0" total="3" passed="2" failed="1" skipped="0">
  <reporter-output>
  </reporter-output>
  <suite started-at="2022-12-05T15:07:50 IST" name="Default suite" finished-at="2022-12-05T15:08:35 IST" duration-ms="44523">
    <groups>
    </groups>
    <test started-at="2022-12-05T15:07:50 IST" name="Default test" finished-at="2022-12-05T15:08:35 IST" duration-ms="44523">
      <class name="TestKhanAcdm.KhanTestNG">
        <test-method is-config="true" signature="beforeclass()[pri:0, instance:TestKhanAcdm.KhanTestNG@48ae9b55]" started-at="2022-12-05T15:07:50 IST" name="beforeclass" finished-at="2022-12-05T15:07:56 IST" duration-ms="6130" status="PASS">
          <reporter-output>
          </reporter-output>
        </test-method> <!-- beforeclass -->
        <test-method is-config="true" signature="beforeMethod()[pri:0, instance:TestKhanAcdm.KhanTestNG@48ae9b55]" started-at="2022-12-05T15:07:56 IST" name="beforeMethod" finished-at="2022-12-05T15:07:59 IST" duration-ms="2381" status="PASS">
          <reporter-output>
          </reporter-output>
        </test-method> <!-- beforeMethod -->
        <test-method signature="test1()[pri:0, instance:TestKhanAcdm.KhanTestNG@48ae9b55]" started-at="2022-12-05T15:07:59 IST" name="test1" finished-at="2022-12-05T15:08:02 IST" duration-ms="3696" status="PASS">
          <reporter-output>
          </reporter-output>
        </test-method> <!-- test1 -->
        <test-method is-config="true" signature="afterMethod1(org.testng.ITestResult)[pri:0, instance:TestKhanAcdm.KhanTestNG@48ae9b55]" started-at="2022-12-05T15:08:02 IST" name="afterMethod1" finished-at="2022-12-05T15:08:05 IST" duration-ms="2384" status="PASS">
          <params>
            <param index="0">
              <value>
                <![CDATA[[TestResult name=test1 status=SUCCESS method=KhanTestNG.test1()[pri:0, instance:TestKhanAcdm.KhanTestNG@48ae9b55] output={null}]]]>
              </value>
            </param>
          </params>
          <reporter-output>
          </reporter-output>
        </test-method> <!-- afterMethod1 -->
        <test-method is-config="true" signature="beforeMethod()[pri:0, instance:TestKhanAcdm.KhanTestNG@48ae9b55]" started-at="2022-12-05T15:08:05 IST" name="beforeMethod" finished-at="2022-12-05T15:08:07 IST" duration-ms="2490" status="PASS">
          <reporter-output>
          </reporter-output>
        </test-method> <!-- beforeMethod -->
        <test-method signature="test2()[pri:0, instance:TestKhanAcdm.KhanTestNG@48ae9b55]" started-at="2022-12-05T15:08:07 IST" name="test2" finished-at="2022-12-05T15:08:08 IST" duration-ms="870" status="FAIL">
          <exception class="java.lang.AssertionError">
            <message>
              <![CDATA[expected [https://www.khanacademy.org/profile/me/sg] but found [https://www.khanacademy.org/profile/me/]]]>
            </message>
            <full-stacktrace>
              <![CDATA[java.lang.AssertionError: expected [https://www.khanacademy.org/profile/me/sg] but found [https://www.khanacademy.org/profile/me/]
at org.testng.Assert.fail(Assert.java:99)
at org.testng.Assert.failNotEquals(Assert.java:1037)
at org.testng.Assert.assertEqualsImpl(Assert.java:140)
at org.testng.Assert.assertEquals(Assert.java:122)
at org.testng.Assert.assertEquals(Assert.java:629)
at org.testng.Assert.assertEquals(Assert.java:639)
at TestKhanAcdm.KhanTestNG.test2(KhanTestNG.java:81)
at java.base/jdk.internal.reflect.DirectMethodHandleAccessor.invoke(DirectMethodHandleAccessor.java:104)
at java.base/java.lang.reflect.Method.invoke(Method.java:577)
at org.testng.internal.MethodInvocationHelper.invokeMethod(MethodInvocationHelper.java:133)
at org.testng.internal.TestInvoker.invokeMethod(TestInvoker.java:598)
at org.testng.internal.TestInvoker.invokeTestMethod(TestInvoker.java:173)
at org.testng.internal.MethodRunner.runInSequence(MethodRunner.java:46)
at org.testng.internal.TestInvoker$MethodInvocationAgent.invoke(TestInvoker.java:824)
at org.testng.internal.TestInvoker.invokeTestMethods(TestInvoker.java:146)
at org.testng.internal.TestMethodWorker.invokeTestMethods(TestMethodWorker.java:146)
at org.testng.internal.TestMethodWorker.run(TestMethodWorker.java:128)
at java.base/java.util.ArrayList.forEach(ArrayList.java:1511)
at org.testng.TestRunner.privateRun(TestRunner.java:794)
at org.testng.TestRunner.run(TestRunner.java:596)
at org.testng.SuiteRunner.runTest(SuiteRunner.java:377)
at org.testng.SuiteRunner.runSequentially(SuiteRunner.java:371)
at org.testng.SuiteRunner.privateRun(SuiteRunner.java:332)
at org.testng.SuiteRunner.run(SuiteRunner.java:276)
at org.testng.SuiteRunnerWorker.runSuite(SuiteRunnerWorker.java:53)
at org.testng.SuiteRunnerWorker.run(SuiteRunnerWorker.java:96)
at org.testng.TestNG.runSuitesSequentially(TestNG.java:1212)
at org.testng.TestNG.runSuitesLocally(TestNG.java:1134)
at org.testng.TestNG.runSuites(TestNG.java:1063)
at org.testng.TestNG.run(TestNG.java:1031)
at org.testng.remote.AbstractRemoteTestNG.run(AbstractRemoteTestNG.java:115)
at org.testng.remote.RemoteTestNG.initAndRun(RemoteTestNG.java:251)
at org.testng.remote.RemoteTestNG.main(RemoteTestNG.java:77)
]]>
            </full-stacktrace>
          </exception> <!-- java.lang.AssertionError -->
          <reporter-output>
          </reporter-output>
        </test-method> <!-- test2 -->
        <test-method is-config="true" signature="afterMethod1(org.testng.ITestResult)[pri:0, instance:TestKhanAcdm.KhanTestNG@48ae9b55]" started-at="2022-12-05T15:08:08 IST" name="afterMethod1" finished-at="2022-12-05T15:08:11 IST" duration-ms="2645" status="PASS">
          <params>
            <param index="0">
              <value>
                <![CDATA[[TestResult name=test2 status=FAILURE method=KhanTestNG.test2()[pri:0, instance:TestKhanAcdm.KhanTestNG@48ae9b55] output={null}]]]>
              </value>
            </param>
          </params>
          <reporter-output>
          </reporter-output>
        </test-method> <!-- afterMethod1 -->
        <test-method is-config="true" signature="beforeMethod()[pri:0, instance:TestKhanAcdm.KhanTestNG@48ae9b55]" started-at="2022-12-05T15:08:11 IST" name="beforeMethod" finished-at="2022-12-05T15:08:13 IST" duration-ms="2470" status="PASS">
          <reporter-output>
          </reporter-output>
        </test-method> <!-- beforeMethod -->
        <test-method signature="test3()[pri:0, instance:TestKhanAcdm.KhanTestNG@48ae9b55]" started-at="2022-12-05T15:08:13 IST" name="test3" finished-at="2022-12-05T15:08:16 IST" duration-ms="2821" status="PASS">
          <reporter-output>
          </reporter-output>
        </test-method> <!-- test3 -->
        <test-method is-config="true" signature="afterMethod1(org.testng.ITestResult)[pri:0, instance:TestKhanAcdm.KhanTestNG@48ae9b55]" started-at="2022-12-05T15:08:16 IST" name="afterMethod1" finished-at="2022-12-05T15:08:18 IST" duration-ms="2361" status="PASS">
          <params>
            <param index="0">
              <value>
                <![CDATA[[TestResult name=test3 status=SUCCESS method=KhanTestNG.test3()[pri:0, instance:TestKhanAcdm.KhanTestNG@48ae9b55] output={null}]]]>
              </value>
            </param>
          </params>
          <reporter-output>
          </reporter-output>
        </test-method> <!-- afterMethod1 -->
        <test-method is-config="true" signature="afterClass()[pri:0, instance:TestKhanAcdm.KhanTestNG@48ae9b55]" started-at="2022-12-05T15:08:18 IST" name="afterClass" finished-at="2022-12-05T15:08:35 IST" duration-ms="16249" status="PASS">
          <reporter-output>
          </reporter-output>
        </test-method> <!-- afterClass -->
      </class> <!-- TestKhanAcdm.KhanTestNG -->
    </test> <!-- Default test -->
  </suite> <!-- Default suite -->
</testng-results>
